Determining if the pthread_create exist failed with the following output:
Change Dir: /home/zyx/project4slam/apriltag4cmake/build/CMakeFiles/CMakeTmp

Run Build Command:"/usr/bin/make" "cmTC_e596e/fast"
/usr/bin/make -f CMakeFiles/cmTC_e596e.dir/build.make CMakeFiles/cmTC_e596e.dir/build
make[1]: Entering directory '/home/zyx/project4slam/apriltag4cmake/build/CMakeFiles/CMakeTmp'
Building C object CMakeFiles/cmTC_e596e.dir/CheckSymbolExists.c.o
/usr/bin/cc    -Wall  -O3 -march=native     -o CMakeFiles/cmTC_e596e.dir/CheckSymbolExists.c.o   -c /home/zyx/project4slam/apriltag4cmake/build/CMakeFiles/CMakeTmp/CheckSymbolExists.c
Linking C executable cmTC_e596e
/usr/bin/cmake -E cmake_link_script CMakeFiles/cmTC_e596e.dir/link.txt --verbose=1
/usr/bin/cc    -Wall  -O3 -march=native      CMakeFiles/cmTC_e596e.dir/CheckSymbolExists.c.o  -o cmTC_e596e -rdynamic 
CMakeFiles/cmTC_e596e.dir/CheckSymbolExists.c.o: In function `main':
CheckSymbolExists.c:(.text.startup+0x6): undefined reference to `pthread_create'
collect2: error: ld returned 1 exit status
CMakeFiles/cmTC_e596e.dir/build.make:97: recipe for target 'cmTC_e596e' failed
make[1]: *** [cmTC_e596e] Error 1
make[1]: Leaving directory '/home/zyx/project4slam/apriltag4cmake/build/CMakeFiles/CMakeTmp'
Makefile:126: recipe for target 'cmTC_e596e/fast' failed
make: *** [cmTC_e596e/fast] Error 2

File /home/zyx/project4slam/apriltag4cmake/build/CMakeFiles/CMakeTmp/CheckSymbolExists.c:
/* */
#include <pthread.h>

int main(int argc, char** argv)
{
  (void)argv;
#ifndef pthread_create
  return ((int*)(&pthread_create))[argc];
#else
  (void)argc;
  return 0;
#endif
}

Determining if the function pthread_create exists in the pthreads failed with the following output:
Change Dir: /home/zyx/project4slam/apriltag4cmake/build/CMakeFiles/CMakeTmp

Run Build Command:"/usr/bin/make" "cmTC_56241/fast"
/usr/bin/make -f CMakeFiles/cmTC_56241.dir/build.make CMakeFiles/cmTC_56241.dir/build
make[1]: Entering directory '/home/zyx/project4slam/apriltag4cmake/build/CMakeFiles/CMakeTmp'
Building C object CMakeFiles/cmTC_56241.dir/CheckFunctionExists.c.o
/usr/bin/cc    -Wall  -O3 -march=native  -DCHECK_FUNCTION_EXISTS=pthread_create   -o CMakeFiles/cmTC_56241.dir/CheckFunctionExists.c.o   -c /usr/share/cmake-3.5/Modules/CheckFunctionExists.c
Linking C executable cmTC_56241
/usr/bin/cmake -E cmake_link_script CMakeFiles/cmTC_56241.dir/link.txt --verbose=1
/usr/bin/cc    -Wall  -O3 -march=native  -DCHECK_FUNCTION_EXISTS=pthread_create    CMakeFiles/cmTC_56241.dir/CheckFunctionExists.c.o  -o cmTC_56241 -rdynamic -lpthreads 
/usr/bin/ld: cannot find -lpthreads
collect2: error: ld returned 1 exit status
CMakeFiles/cmTC_56241.dir/build.make:97: recipe for target 'cmTC_56241' failed
make[1]: *** [cmTC_56241] Error 1
make[1]: Leaving directory '/home/zyx/project4slam/apriltag4cmake/build/CMakeFiles/CMakeTmp'
Makefile:126: recipe for target 'cmTC_56241/fast' failed
make: *** [cmTC_56241/fast] Error 2


